FrontEnd/meetsync_pro/android/app/build/intermediates/manifest_merge_blame_file/release/processReleaseMainManifest/manifest-merger-blame-release-report.txt
1<?xml version="1.0" encoding="utf-8"?>
2<manifest xmlns:android="http://schemas.android.com/apk/res/android"
3    package="com.example.meetsyncpro"
4    android:versionCode="1"
5    android:versionName="1.0.0" >
6
7    <uses-sdk
8        android:minSdkVersion="21"
9        android:targetSdkVersion="35" />
10
11    <!-- Required permissions -->
12    <uses-permission android:name="android.permission.INTERNET" />
12-->src\main\AndroidManifest.xml:4:5-66
12-->src\main\AndroidManifest.xml:4:22-64
13    <uses-permission android:name="android.permission.READ_PHONE_STATE" />
13-->src\main\AndroidManifest.xml:5:5-74
13-->src\main\AndroidManifest.xml:5:22-72
14    <uses-permission android:name="android.permission.ACCESS_NETWORK_STATE" />
14-->src\main\AndroidManifest.xml:6:5-78
14-->src\main\AndroidManifest.xml:6:22-76
15
16    <!--
17         Required to query activities that can process text, see:
18         https://developer.android.com/training/package-visibility and
19         https://developer.android.com/reference/android/content/Intent#ACTION_PROCESS_TEXT.
20
21         In particular, this is used by the Flutter engine in io.flutter.plugin.text.ProcessTextPlugin.
22    -->
23    <queries>
23-->src\main\AndroidManifest.xml:80:5-95:15
24        <intent>
24-->src\main\AndroidManifest.xml:81:9-84:18
25            <action android:name="android.intent.action.PROCESS_TEXT" />
25-->src\main\AndroidManifest.xml:82:13-72
25-->src\main\AndroidManifest.xml:82:21-70
26
27            <data android:mimeType="text/plain" />
27-->src\main\AndroidManifest.xml:83:13-50
27-->src\main\AndroidManifest.xml:83:19-48
28        </intent>
29
30        <!-- Add these queries for phone number verification -->
31        <intent>
31-->src\main\AndroidManifest.xml:87:9-90:18
32            <action android:name="android.intent.action.VIEW" />
32-->src\main\AndroidManifest.xml:88:13-64
32-->src\main\AndroidManifest.xml:88:21-62
33
34            <data android:scheme="http" />
34-->src\main\AndroidManifest.xml:83:13-50
34-->src\main\AndroidManifest.xml:49:23-45
35        </intent>
36        <intent>
36-->src\main\AndroidManifest.xml:91:9-94:18
37            <action android:name="android.intent.action.VIEW" />
37-->src\main\AndroidManifest.xml:88:13-64
37-->src\main\AndroidManifest.xml:88:21-62
38
39            <data android:scheme="https" />
39-->src\main\AndroidManifest.xml:83:13-50
39-->src\main\AndroidManifest.xml:49:23-45
40        </intent>
41    </queries>
42
43    <uses-permission android:name="com.google.android.providers.gsf.permission.READ_GSERVICES" />
43-->[com.google.android.recaptcha:recaptcha:18.4.0] AndroidManifest.xml:9:5-98
43-->[com.google.android.recaptcha:recaptcha:18.4.0] AndroidManifest.xml:9:22-95
44
45    <permission
45-->[androidx.core:core:1.13.1] AndroidManifest.xml:22:5-24:47
46        android:name="com.example.meetsyncpro.DYNAMIC_RECEIVER_NOT_EXPORTED_PERMISSION"
46-->[androidx.core:core:1.13.1] AndroidManifest.xml:23:9-81
47        android:protectionLevel="signature" />
47-->[androidx.core:core:1.13.1] AndroidManifest.xml:24:9-44
48
49    <uses-permission android:name="com.example.meetsyncpro.DYNAMIC_RECEIVER_NOT_EXPORTED_PERMISSION" />
49-->[androidx.core:core:1.13.1] AndroidManifest.xml:26:5-97
49-->[androidx.core:core:1.13.1] AndroidManifest.xml:26:22-94
50
51    <application
52        android:name="android.app.Application"
52-->src\main\AndroidManifest.xml:10:9-42
53        android:appComponentFactory="androidx.core.app.CoreComponentFactory"
53-->[androidx.core:core:1.13.1] AndroidManifest.xml:28:18-86
54        android:extractNativeLibs="true"
55        android:icon="@mipmap/ic_launcher"
55-->src\main\AndroidManifest.xml:11:9-43
56        android:label="meetsync_pro"
56-->src\main\AndroidManifest.xml:9:9-37
57        android:usesCleartextTraffic="true" >
57-->src\main\AndroidManifest.xml:12:9-44
58        <activity
58-->src\main\AndroidManifest.xml:14:9-51:20
59            android:name="com.example.meetsync_pro.MainActivity"
59-->src\main\AndroidManifest.xml:15:13-41
60            android:configChanges="orientation|keyboardHidden|keyboard|screenSize|smallestScreenSize|locale|layoutDirection|fontScale|screenLayout|density|uiMode"
60-->src\main\AndroidManifest.xml:20:13-163
61            android:exported="true"
61-->src\main\AndroidManifest.xml:16:13-36
62            android:hardwareAccelerated="true"
62-->src\main\AndroidManifest.xml:21:13-47
63            android:launchMode="singleTop"
63-->src\main\AndroidManifest.xml:17:13-43
64            android:taskAffinity=""
64-->src\main\AndroidManifest.xml:18:13-36
65            android:theme="@style/LaunchTheme"
65-->src\main\AndroidManifest.xml:19:13-47
66            android:windowSoftInputMode="adjustResize" >
66-->src\main\AndroidManifest.xml:22:13-55
67
68            <!--
69                 Specifies an Android theme to apply to this Activity as soon as
70                 the Android process has started. This theme is visible to the user
71                 while the Flutter UI initializes. After that, this theme continues
72                 to determine the Window background behind the Flutter UI.
73            -->
74            <meta-data
74-->src\main\AndroidManifest.xml:28:13-31:19
75                android:name="io.flutter.embedding.android.NormalTheme"
75-->src\main\AndroidManifest.xml:29:17-72
76                android:resource="@style/NormalTheme" />
76-->src\main\AndroidManifest.xml:30:17-54
77
78            <intent-filter>
78-->src\main\AndroidManifest.xml:33:13-36:29
79                <action android:name="android.intent.action.MAIN" />
79-->src\main\AndroidManifest.xml:34:17-68
79-->src\main\AndroidManifest.xml:34:25-66
80
81                <category android:name="android.intent.category.LAUNCHER" />
81-->src\main\AndroidManifest.xml:35:17-76
81-->src\main\AndroidManifest.xml:35:27-74
82            </intent-filter>
83
84            <!-- Add these intent filters for phone number verification -->
85            <intent-filter>
85-->src\main\AndroidManifest.xml:39:13-42:29
86                <action android:name="FLUTTER_NOTIFICATION_CLICK" />
86-->src\main\AndroidManifest.xml:40:17-68
86-->src\main\AndroidManifest.xml:40:25-66
87
88                <category android:name="android.intent.category.DEFAULT" />
88-->src\main\AndroidManifest.xml:41:17-75
88-->src\main\AndroidManifest.xml:41:27-73
89            </intent-filter>
90
91            <!-- MOVED: This intent-filter was outside application, now moved inside activity -->
92            <intent-filter>
92-->src\main\AndroidManifest.xml:45:13-50:29
93                <action android:name="android.intent.action.VIEW" />
93-->src\main\AndroidManifest.xml:88:13-64
93-->src\main\AndroidManifest.xml:88:21-62
94
95                <category android:name="android.intent.category.DEFAULT" />
95-->src\main\AndroidManifest.xml:41:17-75
95-->src\main\AndroidManifest.xml:41:27-73
96                <category android:name="android.intent.category.BROWSABLE" />
96-->src\main\AndroidManifest.xml:48:17-77
96-->src\main\AndroidManifest.xml:48:27-75
97
98                <data
98-->src\main\AndroidManifest.xml:83:13-50
99                    android:host="meet.google.com"
99-->src\main\AndroidManifest.xml:49:46-76
100                    android:scheme="https" />
100-->src\main\AndroidManifest.xml:49:23-45
101            </intent-filter>
102        </activity>
103
104        <!--
105             Don't delete the meta-data below.
106             This is used by the Flutter tool to generate GeneratedPluginRegistrant.java
107        -->
108        <meta-data
108-->src\main\AndroidManifest.xml:55:9-57:33
109            android:name="flutterEmbedding"
109-->src\main\AndroidManifest.xml:56:13-44
110            android:value="2" />
110-->src\main\AndroidManifest.xml:57:13-30
111
112        <!-- Google Play services version -->
113        <meta-data
113-->src\main\AndroidManifest.xml:60:9-62:69
114            android:name="com.google.android.gms.version"
114-->src\main\AndroidManifest.xml:61:13-58
115            android:value="@integer/google_play_services_version" />
115-->src\main\AndroidManifest.xml:62:13-66
116
117        <!-- Firebase configuration -->
118        <meta-data
118-->src\main\AndroidManifest.xml:65:9-67:55
119            android:name="com.google.firebase.auth.package"
119-->src\main\AndroidManifest.xml:66:13-60
120            android:value="com.example.meetsyncpro" />
120-->src\main\AndroidManifest.xml:67:13-52
121        <meta-data
121-->src\main\AndroidManifest.xml:69:9-71:70
122            android:name="com.google.android.geo.API_KEY"
122-->src\main\AndroidManifest.xml:70:13-58
123            android:value="AIzaSyCjDaoNyA2LU6-VCuSkjRhUxOICs3T2q6Y" />
123-->src\main\AndroidManifest.xml:71:13-68
124
125        <service
125-->[:cloud_firestore] AndroidManifest.xml:8:9-12:19
126            android:name="com.google.firebase.components.ComponentDiscoveryService"
126-->[:cloud_firestore] AndroidManifest.xml:8:18-89
127            android:directBootAware="true"
127-->[com.google.firebase:firebase-common:20.4.3] AndroidManifest.xml:32:13-43
128            android:exported="false" >
128-->[com.google.firebase:firebase-firestore-ktx:24.11.0] AndroidManifest.xml:11:13-37
129            <meta-data
129-->[:cloud_firestore] AndroidManifest.xml:9:13-11:85
130                android:name="com.google.firebase.components:io.flutter.plugins.firebase.firestore.FlutterFirebaseFirestoreRegistrar"
130-->[:cloud_firestore] AndroidManifest.xml:10:17-134
131                android:value="com.google.firebase.components.ComponentRegistrar" />
131-->[:cloud_firestore] AndroidManifest.xml:11:17-82
132            <meta-data
132-->[:firebase_auth] AndroidManifest.xml:9:13-11:85
133                android:name="com.google.firebase.components:io.flutter.plugins.firebase.auth.FlutterFirebaseAuthRegistrar"
133-->[:firebase_auth] AndroidManifest.xml:10:17-124
134                android:value="com.google.firebase.components.ComponentRegistrar" />
134-->[:firebase_auth] AndroidManifest.xml:11:17-82
135            <meta-data
135-->[:firebase_storage] AndroidManifest.xml:9:13-11:85
136                android:name="com.google.firebase.components:io.flutter.plugins.firebase.storage.FlutterFirebaseAppRegistrar"
136-->[:firebase_storage] AndroidManifest.xml:10:17-126
137                android:value="com.google.firebase.components.ComponentRegistrar" />
137-->[:firebase_storage] AndroidManifest.xml:11:17-82
138            <meta-data
138-->[:firebase_core] AndroidManifest.xml:9:13-11:85
139                android:name="com.google.firebase.components:io.flutter.plugins.firebase.core.FlutterFirebaseCoreRegistrar"
139-->[:firebase_core] AndroidManifest.xml:10:17-124
140                android:value="com.google.firebase.components.ComponentRegistrar" />
140-->[:firebase_core] AndroidManifest.xml:11:17-82
141            <meta-data
141-->[com.google.firebase:firebase-firestore-ktx:24.11.0] AndroidManifest.xml:12:13-14:85
142                android:name="com.google.firebase.components:com.google.firebase.firestore.ktx.FirebaseFirestoreLegacyRegistrar"
142-->[com.google.firebase:firebase-firestore-ktx:24.11.0] AndroidManifest.xml:13:17-129
143                android:value="com.google.firebase.components.ComponentRegistrar" />
143-->[com.google.firebase:firebase-firestore-ktx:24.11.0] AndroidManifest.xml:14:17-82
144            <meta-data
144-->[com.google.firebase:firebase-auth-ktx:22.3.1] AndroidManifest.xml:11:13-13:85
145                android:name="com.google.firebase.components:com.google.firebase.auth.ktx.FirebaseAuthLegacyRegistrar"
145-->[com.google.firebase:firebase-auth-ktx:22.3.1] AndroidManifest.xml:12:17-119
146                android:value="com.google.firebase.components.ComponentRegistrar" />
146-->[com.google.firebase:firebase-auth-ktx:22.3.1] AndroidManifest.xml:13:17-82
147            <meta-data
147-->[com.google.firebase:firebase-firestore:24.11.0] AndroidManifest.xml:17:13-19:85
148                android:name="com.google.firebase.components:com.google.firebase.firestore.FirebaseFirestoreKtxRegistrar"
148-->[com.google.firebase:firebase-firestore:24.11.0] AndroidManifest.xml:18:17-122
149                android:value="com.google.firebase.components.ComponentRegistrar" />
149-->[com.google.firebase:firebase-firestore:24.11.0] AndroidManifest.xml:19:17-82
150            <meta-data
150-->[com.google.firebase:firebase-firestore:24.11.0] AndroidManifest.xml:20:13-22:85
151                android:name="com.google.firebase.components:com.google.firebase.firestore.FirestoreRegistrar"
151-->[com.google.firebase:firebase-firestore:24.11.0] AndroidManifest.xml:21:17-111
152                android:value="com.google.firebase.components.ComponentRegistrar" />
152-->[com.google.firebase:firebase-firestore:24.11.0] AndroidManifest.xml:22:17-82
153            <meta-data
153-->[com.google.firebase:firebase-auth:22.3.1] AndroidManifest.xml:69:13-71:85
154                android:name="com.google.firebase.components:com.google.firebase.auth.FirebaseAuthRegistrar"
154-->[com.google.firebase:firebase-auth:22.3.1] AndroidManifest.xml:70:17-109
155                android:value="com.google.firebase.components.ComponentRegistrar" />
155-->[com.google.firebase:firebase-auth:22.3.1] AndroidManifest.xml:71:17-82
156            <meta-data
156-->[com.google.firebase:firebase-storage:20.3.0] AndroidManifest.xml:30:13-32:85
157                android:name="com.google.firebase.components:com.google.firebase.storage.FirebaseStorageKtxRegistrar"
157-->[com.google.firebase:firebase-storage:20.3.0] AndroidManifest.xml:31:17-118
158                android:value="com.google.firebase.components.ComponentRegistrar" />
158-->[com.google.firebase:firebase-storage:20.3.0] AndroidManifest.xml:32:17-82
159            <meta-data
159-->[com.google.firebase:firebase-storage:20.3.0] AndroidManifest.xml:33:13-35:85
160                android:name="com.google.firebase.components:com.google.firebase.storage.StorageRegistrar"
160-->[com.google.firebase:firebase-storage:20.3.0] AndroidManifest.xml:34:17-107
161                android:value="com.google.firebase.components.ComponentRegistrar" />
161-->[com.google.firebase:firebase-storage:20.3.0] AndroidManifest.xml:35:17-82
162            <meta-data
162-->[com.google.firebase:firebase-appcheck:17.1.2] AndroidManifest.xml:25:13-27:85
163                android:name="com.google.firebase.components:com.google.firebase.appcheck.FirebaseAppCheckKtxRegistrar"
163-->[com.google.firebase:firebase-appcheck:17.1.2] AndroidManifest.xml:26:17-120
164                android:value="com.google.firebase.components.ComponentRegistrar" />
164-->[com.google.firebase:firebase-appcheck:17.1.2] AndroidManifest.xml:27:17-82
165            <meta-data
165-->[com.google.firebase:firebase-appcheck:17.1.2] AndroidManifest.xml:28:13-30:85
166                android:name="com.google.firebase.components:com.google.firebase.appcheck.FirebaseAppCheckRegistrar"
166-->[com.google.firebase:firebase-appcheck:17.1.2] AndroidManifest.xml:29:17-117
167                android:value="com.google.firebase.components.ComponentRegistrar" />
167-->[com.google.firebase:firebase-appcheck:17.1.2] AndroidManifest.xml:30:17-82
168            <meta-data
168-->[com.google.firebase:firebase-common-ktx:20.4.3] AndroidManifest.xml:12:13-14:85
169                android:name="com.google.firebase.components:com.google.firebase.ktx.FirebaseCommonLegacyRegistrar"
169-->[com.google.firebase:firebase-common-ktx:20.4.3] AndroidManifest.xml:13:17-116
170                android:value="com.google.firebase.components.ComponentRegistrar" />
170-->[com.google.firebase:firebase-common-ktx:20.4.3] AndroidManifest.xml:14:17-82
171            <meta-data
171-->[com.google.firebase:firebase-common:20.4.3] AndroidManifest.xml:35:13-37:85
172                android:name="com.google.firebase.components:com.google.firebase.FirebaseCommonKtxRegistrar"
172-->[com.google.firebase:firebase-common:20.4.3] AndroidManifest.xml:36:17-109
173                android:value="com.google.firebase.components.ComponentRegistrar" />
173-->[com.google.firebase:firebase-common:20.4.3] AndroidManifest.xml:37:17-82
174        </service>
175
176        <activity
176-->[com.google.firebase:firebase-auth:22.3.1] AndroidManifest.xml:29:9-46:20
177            android:name="com.google.firebase.auth.internal.GenericIdpActivity"
177-->[com.google.firebase:firebase-auth:22.3.1] AndroidManifest.xml:30:13-80
178            android:excludeFromRecents="true"
178-->[com.google.firebase:firebase-auth:22.3.1] AndroidManifest.xml:31:13-46
179            android:exported="true"
179-->[com.google.firebase:firebase-auth:22.3.1] AndroidManifest.xml:32:13-36
180            android:launchMode="singleTask"
180-->[com.google.firebase:firebase-auth:22.3.1] AndroidManifest.xml:33:13-44
181            android:theme="@android:style/Theme.Translucent.NoTitleBar" >
181-->[com.google.firebase:firebase-auth:22.3.1] AndroidManifest.xml:34:13-72
182            <intent-filter>
182-->[com.google.firebase:firebase-auth:22.3.1] AndroidManifest.xml:35:13-45:29
183                <action android:name="android.intent.action.VIEW" />
183-->src\main\AndroidManifest.xml:88:13-64
183-->src\main\AndroidManifest.xml:88:21-62
184
185                <category android:name="android.intent.category.DEFAULT" />
185-->src\main\AndroidManifest.xml:41:17-75
185-->src\main\AndroidManifest.xml:41:27-73
186                <category android:name="android.intent.category.BROWSABLE" />
186-->src\main\AndroidManifest.xml:48:17-77
186-->src\main\AndroidManifest.xml:48:27-75
187
188                <data
188-->src\main\AndroidManifest.xml:83:13-50
189                    android:host="firebase.auth"
189-->src\main\AndroidManifest.xml:49:46-76
190                    android:path="/"
191                    android:scheme="genericidp" />
191-->src\main\AndroidManifest.xml:49:23-45
192            </intent-filter>
193        </activity>
194        <activity
194-->[com.google.firebase:firebase-auth:22.3.1] AndroidManifest.xml:47:9-64:20
195            android:name="com.google.firebase.auth.internal.RecaptchaActivity"
195-->[com.google.firebase:firebase-auth:22.3.1] AndroidManifest.xml:48:13-79
196            android:excludeFromRecents="true"
196-->[com.google.firebase:firebase-auth:22.3.1] AndroidManifest.xml:49:13-46
197            android:exported="true"
197-->[com.google.firebase:firebase-auth:22.3.1] AndroidManifest.xml:50:13-36
198            android:launchMode="singleTask"
198-->[com.google.firebase:firebase-auth:22.3.1] AndroidManifest.xml:51:13-44
199            android:theme="@android:style/Theme.Translucent.NoTitleBar" >
199-->[com.google.firebase:firebase-auth:22.3.1] AndroidManifest.xml:52:13-72
200            <intent-filter>
200-->[com.google.firebase:firebase-auth:22.3.1] AndroidManifest.xml:53:13-63:29
201                <action android:name="android.intent.action.VIEW" />
201-->src\main\AndroidManifest.xml:88:13-64
201-->src\main\AndroidManifest.xml:88:21-62
202
203                <category android:name="android.intent.category.DEFAULT" />
203-->src\main\AndroidManifest.xml:41:17-75
203-->src\main\AndroidManifest.xml:41:27-73
204                <category android:name="android.intent.category.BROWSABLE" />
204-->src\main\AndroidManifest.xml:48:17-77
204-->src\main\AndroidManifest.xml:48:27-75
205
206                <data
206-->src\main\AndroidManifest.xml:83:13-50
207                    android:host="firebase.auth"
207-->src\main\AndroidManifest.xml:49:46-76
208                    android:path="/"
209                    android:scheme="recaptcha" />
209-->src\main\AndroidManifest.xml:49:23-45
210            </intent-filter>
211        </activity>
212
213        <provider
213-->[:image_picker_android] AndroidManifest.xml:9:9-17:20
214            android:name="io.flutter.plugins.imagepicker.ImagePickerFileProvider"
214-->[:image_picker_android] AndroidManifest.xml:10:13-82
215            android:authorities="com.example.meetsyncpro.flutter.image_provider"
215-->[:image_picker_android] AndroidManifest.xml:11:13-74
216            android:exported="false"
216-->[:image_picker_android] AndroidManifest.xml:12:13-37
217            android:grantUriPermissions="true" >
217-->[:image_picker_android] AndroidManifest.xml:13:13-47
218            <meta-data
218-->[:image_picker_android] AndroidManifest.xml:14:13-16:75
219                android:name="android.support.FILE_PROVIDER_PATHS"
219-->[:image_picker_android] AndroidManifest.xml:15:17-67
220                android:resource="@xml/flutter_image_picker_file_paths" />
220-->[:image_picker_android] AndroidManifest.xml:16:17-72
221        </provider> <!-- Trigger Google Play services to install the backported photo picker module. -->
222        <service
222-->[:image_picker_android] AndroidManifest.xml:19:9-31:19
223            android:name="com.google.android.gms.metadata.ModuleDependencies"
223-->[:image_picker_android] AndroidManifest.xml:20:13-78
224            android:enabled="false"
224-->[:image_picker_android] AndroidManifest.xml:21:13-36
225            android:exported="false" >
225-->[:image_picker_android] AndroidManifest.xml:22:13-37
226            <intent-filter>
226-->[:image_picker_android] AndroidManifest.xml:24:13-26:29
227                <action android:name="com.google.android.gms.metadata.MODULE_DEPENDENCIES" />
227-->[:image_picker_android] AndroidManifest.xml:25:17-94
227-->[:image_picker_android] AndroidManifest.xml:25:25-91
228            </intent-filter>
229
230            <meta-data
230-->[:image_picker_android] AndroidManifest.xml:28:13-30:36
231                android:name="photopicker_activity:0:required"
231-->[:image_picker_android] AndroidManifest.xml:29:17-63
232                android:value="" />
232-->[:image_picker_android] AndroidManifest.xml:30:17-33
233        </service>
234
235        <activity
235-->[:url_launcher_android] AndroidManifest.xml:8:9-11:74
236            android:name="io.flutter.plugins.urllauncher.WebViewActivity"
236-->[:url_launcher_android] AndroidManifest.xml:9:13-74
237            android:exported="false"
237-->[:url_launcher_android] AndroidManifest.xml:10:13-37
238            android:theme="@android:style/Theme.NoTitleBar.Fullscreen" />
238-->[:url_launcher_android] AndroidManifest.xml:11:13-71
239        <activity
239-->[com.google.android.gms:play-services-auth:21.0.0] AndroidManifest.xml:23:9-27:75
240            android:name="com.google.android.gms.auth.api.signin.internal.SignInHubActivity"
240-->[com.google.android.gms:play-services-auth:21.0.0] AndroidManifest.xml:24:13-93
241            android:excludeFromRecents="true"
241-->[com.google.android.gms:play-services-auth:21.0.0] AndroidManifest.xml:25:13-46
242            android:exported="false"
242-->[com.google.android.gms:play-services-auth:21.0.0] AndroidManifest.xml:26:13-37
243            android:theme="@android:style/Theme.Translucent.NoTitleBar" />
243-->[com.google.android.gms:play-services-auth:21.0.0] AndroidManifest.xml:27:13-72
244        <!--
245            Service handling Google Sign-In user revocation. For apps that do not integrate with
246            Google Sign-In, this service will never be started.
247        -->
248        <service
248-->[com.google.android.gms:play-services-auth:21.0.0] AndroidManifest.xml:33:9-37:51
249            android:name="com.google.android.gms.auth.api.signin.RevocationBoundService"
249-->[com.google.android.gms:play-services-auth:21.0.0] AndroidManifest.xml:34:13-89
250            android:exported="true"
250-->[com.google.android.gms:play-services-auth:21.0.0] AndroidManifest.xml:35:13-36
251            android:permission="com.google.android.gms.auth.api.signin.permission.REVOCATION_NOTIFICATION"
251-->[com.google.android.gms:play-services-auth:21.0.0] AndroidManifest.xml:36:13-107
252            android:visibleToInstantApps="true" />
252-->[com.google.android.gms:play-services-auth:21.0.0] AndroidManifest.xml:37:13-48
253
254        <provider
254-->[com.google.firebase:firebase-common:20.4.3] AndroidManifest.xml:23:9-28:39
255            android:name="com.google.firebase.provider.FirebaseInitProvider"
255-->[com.google.firebase:firebase-common:20.4.3] AndroidManifest.xml:24:13-77
256            android:authorities="com.example.meetsyncpro.firebaseinitprovider"
256-->[com.google.firebase:firebase-common:20.4.3] AndroidManifest.xml:25:13-72
257            android:directBootAware="true"
257-->[com.google.firebase:firebase-common:20.4.3] AndroidManifest.xml:26:13-43
258            android:exported="false"
258-->[com.google.firebase:firebase-common:20.4.3] AndroidManifest.xml:27:13-37
259            android:initOrder="100" />
259-->[com.google.firebase:firebase-common:20.4.3] AndroidManifest.xml:28:13-36
260
261        <uses-library
261-->[androidx.window:window:1.2.0] AndroidManifest.xml:23:9-25:40
262            android:name="androidx.window.extensions"
262-->[androidx.window:window:1.2.0] AndroidManifest.xml:24:13-54
263            android:required="false" />
263-->[androidx.window:window:1.2.0] AndroidManifest.xml:25:13-37
264        <uses-library
264-->[androidx.window:window:1.2.0] AndroidManifest.xml:26:9-28:40
265            android:name="androidx.window.sidecar"
265-->[androidx.window:window:1.2.0] AndroidManifest.xml:27:13-51
266            android:required="false" />
266-->[androidx.window:window:1.2.0] AndroidManifest.xml:28:13-37
267
268        <activity
268-->[com.google.android.gms:play-services-base:18.1.0] AndroidManifest.xml:20:9-22:45
269            android:name="com.google.android.gms.common.api.GoogleApiActivity"
269-->[com.google.android.gms:play-services-base:18.1.0] AndroidManifest.xml:20:19-85
270            android:exported="false"
270-->[com.google.android.gms:play-services-base:18.1.0] AndroidManifest.xml:22:19-43
271            android:theme="@android:style/Theme.Translucent.NoTitleBar" />
271-->[com.google.android.gms:play-services-base:18.1.0] AndroidManifest.xml:21:19-78
272
273        <provider
273-->[androidx.lifecycle:lifecycle-process:2.7.0] AndroidManifest.xml:24:9-32:20
274            android:name="androidx.startup.InitializationProvider"
274-->[androidx.lifecycle:lifecycle-process:2.7.0] AndroidManifest.xml:25:13-67
275            android:authorities="com.example.meetsyncpro.androidx-startup"
275-->[androidx.lifecycle:lifecycle-process:2.7.0] AndroidManifest.xml:26:13-68
276            android:exported="false" >
276-->[androidx.lifecycle:lifecycle-process:2.7.0] AndroidManifest.xml:27:13-37
277            <meta-data
277-->[androidx.lifecycle:lifecycle-process:2.7.0] AndroidManifest.xml:29:13-31:52
278                android:name="androidx.lifecycle.ProcessLifecycleInitializer"
278-->[androidx.lifecycle:lifecycle-process:2.7.0] AndroidManifest.xml:30:17-78
279                android:value="androidx.startup" />
279-->[androidx.lifecycle:lifecycle-process:2.7.0] AndroidManifest.xml:31:17-49
280            <meta-data
280-->[androidx.profileinstaller:profileinstaller:1.3.1] AndroidManifest.xml:29:13-31:52
281                android:name="androidx.profileinstaller.ProfileInstallerInitializer"
281-->[androidx.profileinstaller:profileinstaller:1.3.1] AndroidManifest.xml:30:17-85
282                android:value="androidx.startup" />
282-->[androidx.profileinstaller:profileinstaller:1.3.1] AndroidManifest.xml:31:17-49
283        </provider>
284
285        <receiver
285-->[androidx.profileinstaller:profileinstaller:1.3.1] AndroidManifest.xml:34:9-52:20
286            android:name="androidx.profileinstaller.ProfileInstallReceiver"
286-->[androidx.profileinstaller:profileinstaller:1.3.1] AndroidManifest.xml:35:13-76
287            android:directBootAware="false"
287-->[androidx.profileinstaller:profileinstaller:1.3.1] AndroidManifest.xml:36:13-44
288            android:enabled="true"
288-->[androidx.profileinstaller:profileinstaller:1.3.1] AndroidManifest.xml:37:13-35
289            android:exported="true"
289-->[androidx.profileinstaller:profileinstaller:1.3.1] AndroidManifest.xml:38:13-36
290            android:permission="android.permission.DUMP" >
290-->[androidx.profileinstaller:profileinstaller:1.3.1] AndroidManifest.xml:39:13-57
291            <intent-filter>
291-->[androidx.profileinstaller:profileinstaller:1.3.1] AndroidManifest.xml:40:13-42:29
292                <action android:name="androidx.profileinstaller.action.INSTALL_PROFILE" />
292-->[androidx.profileinstaller:profileinstaller:1.3.1] AndroidManifest.xml:41:17-91
292-->[androidx.profileinstaller:profileinstaller:1.3.1] AndroidManifest.xml:41:25-88
293            </intent-filter>
294            <intent-filter>
294-->[androidx.profileinstaller:profileinstaller:1.3.1] AndroidManifest.xml:43:13-45:29
295                <action android:name="androidx.profileinstaller.action.SKIP_FILE" />
295-->[androidx.profileinstaller:profileinstaller:1.3.1] AndroidManifest.xml:44:17-85
295-->[androidx.profileinstaller:profileinstaller:1.3.1] AndroidManifest.xml:44:25-82
296            </intent-filter>
297            <intent-filter>
297-->[androidx.profileinstaller:profileinstaller:1.3.1] AndroidManifest.xml:46:13-48:29
298                <action android:name="androidx.profileinstaller.action.SAVE_PROFILE" />
298-->[androidx.profileinstaller:profileinstaller:1.3.1] AndroidManifest.xml:47:17-88
298-->[androidx.profileinstaller:profileinstaller:1.3.1] AndroidManifest.xml:47:25-85
299            </intent-filter>
300            <intent-filter>
300-->[androidx.profileinstaller:profileinstaller:1.3.1] AndroidManifest.xml:49:13-51:29
301                <action android:name="androidx.profileinstaller.action.BENCHMARK_OPERATION" />
301-->[androidx.profileinstaller:profileinstaller:1.3.1] AndroidManifest.xml:50:17-95
301-->[androidx.profileinstaller:profileinstaller:1.3.1] AndroidManifest.xml:50:25-92
302            </intent-filter>
303        </receiver>
304    </application>
305
306</manifest>